# JRE version: Java(TM) SE Runtime Environment (8.0_144-b01) (build 1.8.0_144-b01)
# Java VM: Java HotSpot(TM) 64-Bit Server VM (25.144-b01 mixed mode windows-amd64 compressed oops)
Heap:
 PSYoungGen      total 216064K, used 110115K [0x00000000d5d80000, 0x00000000e4180000, 0x0000000100000000)
  eden space 206336K, 53% used [0x00000000d5d80000,0x00000000dc908e78,0x00000000e2700000)
  from space 9728K, 0% used [0x00000000e3800000,0x00000000e3800000,0x00000000e4180000)
  to   space 13312K, 0% used [0x00000000e2780000,0x00000000e2780000,0x00000000e3480000)
 ParOldGen       total 82432K, used 13514K [0x0000000081800000, 0x0000000086880000, 0x00000000d5d80000)
  object space 82432K, 16% used [0x0000000081800000,0x0000000082532810,0x0000000086880000)
 Metaspace       used 38447K, capacity 40015K, committed 40232K, reserved 1083392K
  class space    used 5095K, capacity 5386K, committed 5416K, reserved 1048576K
GC Heap History (10 events):
Event: 2.677 GC heap before
{Heap before GC invocations=6 (full 0):
 PSYoungGen      total 71680K, used 8561K [0x00000000d5d80000, 0x00000000df280000, 0x0000000100000000)
  eden space 66560K, 5% used [0x00000000d5d80000,0x00000000d60e3268,0x00000000d9e80000)
  from space 5120K, 99% used [0x00000000d9e80000,0x00000000da379330,0x00000000da380000)
  to   space 9728K, 0% used [0x00000000de900000,0x00000000de900000,0x00000000df280000)
 ParOldGen       total 87552K, used 5885K [0x0000000081800000, 0x0000000086d80000, 0x00000000d5d80000)
  object space 87552K, 6% used [0x0000000081800000,0x0000000081dbf548,0x0000000086d80000)
 Metaspace       used 20680K, capacity 21164K, committed 21296K, reserved 1067008K
  class space    used 2738K, capacity 2902K, committed 2944K, reserved 1048576K
Event: 2.688 GC heap after
Heap after GC invocations=6 (full 0):
 PSYoungGen      total 142848K, used 4294K [0x00000000d5d80000, 0x00000000df280000, 0x0000000100000000)
  eden space 133120K, 0% used [0x00000000d5d80000,0x00000000d5d80000,0x00000000ddf80000)
  from space 9728K, 44% used [0x00000000de900000,0x00000000ded31b50,0x00000000df280000)
  to   space 9728K, 0% used [0x00000000ddf80000,0x00000000ddf80000,0x00000000de900000)
 ParOldGen       total 87552K, used 5893K [0x0000000081800000, 0x0000000086d80000, 0x00000000d5d80000)
  object space 87552K, 6% used [0x0000000081800000,0x0000000081dc1548,0x0000000086d80000)
 Metaspace       used 20680K, capacity 21164K, committed 21296K, reserved 1067008K
  class space    used 2738K, capacity 2902K, committed 2944K, reserved 1048576K
}
Event: 2.689 GC heap before
{Heap before GC invocations=7 (full 1):
 PSYoungGen      total 142848K, used 4294K [0x00000000d5d80000, 0x00000000df280000, 0x0000000100000000)
  eden space 133120K, 0% used [0x00000000d5d80000,0x00000000d5d80000,0x00000000ddf80000)
  from space 9728K, 44% used [0x00000000de900000,0x00000000ded31b50,0x00000000df280000)
  to   space 9728K, 0% used [0x00000000ddf80000,0x00000000ddf80000,0x00000000de900000)
 ParOldGen       total 87552K, used 5893K [0x0000000081800000, 0x0000000086d80000, 0x00000000d5d80000)
  object space 87552K, 6% used [0x0000000081800000,0x0000000081dc1548,0x0000000086d80000)
 Metaspace       used 20680K, capacity 21164K, committed 21296K, reserved 1067008K
  class space    used 2738K, capacity 2902K, committed 2944K, reserved 1048576K
Event: 2.752 GC heap after
Heap after GC invocations=7 (full 1):
 PSYoungGen      total 142848K, used 0K [0x00000000d5d80000, 0x00000000df280000, 0x0000000100000000)
  eden space 133120K, 0% used [0x00000000d5d80000,0x00000000d5d80000,0x00000000ddf80000)
  from space 9728K, 0% used [0x00000000de900000,0x00000000de900000,0x00000000df280000)
  to   space 9728K, 0% used [0x00000000ddf80000,0x00000000ddf80000,0x00000000de900000)
 ParOldGen       total 53248K, used 4240K [0x0000000081800000, 0x0000000084c00000, 0x00000000d5d80000)
  object space 53248K, 7% used [0x0000000081800000,0x0000000081c242e8,0x0000000084c00000)
 Metaspace       used 20680K, capacity 21164K, committed 21296K, reserved 1067008K
  class space    used 2738K, capacity 2902K, committed 2944K, reserved 1048576K
}
Event: 6.427 GC heap before
{Heap before GC invocations=8 (full 1):
 PSYoungGen      total 142848K, used 133120K [0x00000000d5d80000, 0x00000000df280000, 0x0000000100000000)
  eden space 133120K, 100% used [0x00000000d5d80000,0x00000000ddf80000,0x00000000ddf80000)
  from space 9728K, 0% used [0x00000000de900000,0x00000000de900000,0x00000000df280000)
  to   space 9728K, 0% used [0x00000000ddf80000,0x00000000ddf80000,0x00000000de900000)
 ParOldGen       total 53248K, used 4240K [0x0000000081800000, 0x0000000084c00000, 0x00000000d5d80000)
  object space 53248K, 7% used [0x0000000081800000,0x0000000081c242e8,0x0000000084c00000)
 Metaspace       used 31228K, capacity 32302K, committed 32640K, reserved 1077248K
  class space    used 4165K, capacity 4389K, committed 4480K, reserved 1048576K
Event: 6.453 GC heap after
Heap after GC invocations=8 (full 1):
 PSYoungGen      total 142848K, used 9699K [0x00000000d5d80000, 0x00000000e4480000, 0x0000000100000000)
  eden space 133120K, 0% used [0x00000000d5d80000,0x00000000d5d80000,0x00000000ddf80000)
  from space 9728K, 99% used [0x00000000ddf80000,0x00000000de8f8d18,0x00000000de900000)
  to   space 12800K, 0% used [0x00000000e3800000,0x00000000e3800000,0x00000000e4480000)
 ParOldGen       total 53248K, used 7700K [0x0000000081800000, 0x0000000084c00000, 0x00000000d5d80000)
  object space 53248K, 14% used [0x0000000081800000,0x0000000081f85168,0x0000000084c00000)
 Metaspace       used 31228K, capacity 32302K, committed 32640K, reserved 1077248K
  class space    used 4165K, capacity 4389K, committed 4480K, reserved 1048576K
}
Event: 7.710 GC heap before
{Heap before GC invocations=9 (full 1):
 PSYoungGen      total 142848K, used 72431K [0x00000000d5d80000, 0x00000000e4480000, 0x0000000100000000)
  eden space 133120K, 47% used [0x00000000d5d80000,0x00000000d9ac3008,0x00000000ddf80000)
  from space 9728K, 99% used [0x00000000ddf80000,0x00000000de8f8d18,0x00000000de900000)
  to   space 12800K, 0% used [0x00000000e3800000,0x00000000e3800000,0x00000000e4480000)
 ParOldGen       total 53248K, used 7700K [0x0000000081800000, 0x0000000084c00000, 0x00000000d5d80000)
  object space 53248K, 14% used [0x0000000081800000,0x0000000081f85168,0x0000000084c00000)
 Metaspace       used 34064K, capacity 35481K, committed 35496K, reserved 1079296K
  class space    used 4520K, capacity 4776K, committed 4776K, reserved 1048576K
Event: 7.730 GC heap after
Heap after GC invocations=9 (full 1):
 PSYoungGen      total 216064K, used 9633K [0x00000000d5d80000, 0x00000000e4180000, 0x0000000100000000)
  eden space 206336K, 0% used [0x00000000d5d80000,0x00000000d5d80000,0x00000000e2700000)
  from space 9728K, 99% used [0x00000000e3800000,0x00000000e41684d8,0x00000000e4180000)
  to   space 13312K, 0% used [0x00000000e2780000,0x00000000e2780000,0x00000000e3480000)
 ParOldGen       total 53248K, used 7708K [0x0000000081800000, 0x0000000084c00000, 0x00000000d5d80000)
  object space 53248K, 14% used [0x0000000081800000,0x0000000081f87168,0x0000000084c00000)
 Metaspace       used 34064K, capacity 35481K, committed 35496K, reserved 1079296K
  class space    used 4520K, capacity 4776K, committed 4776K, reserved 1048576K
}
Event: 7.730 GC heap before
{Heap before GC invocations=10 (full 2):
 PSYoungGen      total 216064K, used 9633K [0x00000000d5d80000, 0x00000000e4180000, 0x0000000100000000)
  eden space 206336K, 0% used [0x00000000d5d80000,0x00000000d5d80000,0x00000000e2700000)
  from space 9728K, 99% used [0x00000000e3800000,0x00000000e41684d8,0x00000000e4180000)
  to   space 13312K, 0% used [0x00000000e2780000,0x00000000e2780000,0x00000000e3480000)
 ParOldGen       total 53248K, used 7708K [0x0000000081800000, 0x0000000084c00000, 0x00000000d5d80000)
  object space 53248K, 14% used [0x0000000081800000,0x0000000081f87168,0x0000000084c00000)
 Metaspace       used 34064K, capacity 35481K, committed 35496K, reserved 1079296K
  class space    used 4520K, capacity 4776K, committed 4776K, reserved 1048576K
Event: 7.813 GC heap after
Heap after GC invocations=10 (full 2):
 PSYoungGen      total 216064K, used 0K [0x00000000d5d80000, 0x00000000e4180000, 0x0000000100000000)
  eden space 206336K, 0% used [0x00000000d5d80000,0x00000000d5d80000,0x00000000e2700000)
  from space 9728K, 0% used [0x00000000e3800000,0x00000000e3800000,0x00000000e4180000)
  to   space 13312K, 0% used [0x00000000e2780000,0x00000000e2780000,0x00000000e3480000)
 ParOldGen       total 82432K, used 13514K [0x0000000081800000, 0x0000000086880000, 0x00000000d5d80000)
  object space 82432K, 16% used [0x0000000081800000,0x0000000082532810,0x0000000086880000)
 Metaspace       used 34064K, capacity 35481K, committed 35496K, reserved 1079296K
  class space    used 4520K, capacity 4776K, committed 4776K, reserved 1048576K
}

