# JRE version: Java(TM) SE Runtime Environment (8.0_144-b01) (build 1.8.0_144-b01)
# Java VM: Java HotSpot(TM) 64-Bit Server VM (25.144-b01 mixed mode windows-amd64 compressed oops)
Heap:
 PSYoungGen      total 347648K, used 11433K [0x00000000d5d80000, 0x00000000f0000000, 0x0000000100000000)
  eden space 329728K, 3% used [0x00000000d5d80000,0x00000000d68aa498,0x00000000e9f80000)
  from space 17920K, 0% used [0x00000000e9f80000,0x00000000e9f80000,0x00000000eb100000)
  to   space 14336K, 0% used [0x00000000eb100000,0x00000000eb100000,0x00000000ebf00000)
 ParOldGen       total 83456K, used 34858K [0x0000000081800000, 0x0000000086980000, 0x00000000d5d80000)
  object space 83456K, 41% used [0x0000000081800000,0x0000000083a0aa08,0x0000000086980000)
 Metaspace       used 57719K, capacity 60249K, committed 60440K, reserved 1101824K
  class space    used 7715K, capacity 8177K, committed 8232K, reserved 1048576K
GC Heap History (10 events):
Event: 7.580 GC heap before
{Heap before GC invocations=8 (full 1):
 PSYoungGen      total 223744K, used 78416K [0x00000000d5d80000, 0x00000000e7680000, 0x0000000100000000)
  eden space 212992K, 31% used [0x00000000d5d80000,0x00000000d9f95020,0x00000000e2d80000)
  from space 10752K, 99% used [0x00000000e6c00000,0x00000000e767f3d0,0x00000000e7680000)
  to   space 13824K, 0% used [0x00000000e5b80000,0x00000000e5b80000,0x00000000e6900000)
 ParOldGen       total 55296K, used 7033K [0x0000000081800000, 0x0000000084e00000, 0x00000000d5d80000)
  object space 55296K, 12% used [0x0000000081800000,0x0000000081ede6b0,0x0000000084e00000)
 Metaspace       used 34063K, capacity 35477K, committed 35496K, reserved 1079296K
  class space    used 4522K, capacity 4776K, committed 4776K, reserved 1048576K
Event: 7.596 GC heap after
Heap after GC invocations=8 (full 1):
 PSYoungGen      total 273920K, used 9635K [0x00000000d5d80000, 0x00000000ebf00000, 0x0000000100000000)
  eden space 260096K, 0% used [0x00000000d5d80000,0x00000000d5d80000,0x00000000e5b80000)
  from space 13824K, 69% used [0x00000000e5b80000,0x00000000e64e8d98,0x00000000e6900000)
  to   space 14336K, 0% used [0x00000000eb100000,0x00000000eb100000,0x00000000ebf00000)
 ParOldGen       total 55296K, used 7041K [0x0000000081800000, 0x0000000084e00000, 0x00000000d5d80000)
  object space 55296K, 12% used [0x0000000081800000,0x0000000081ee06b0,0x0000000084e00000)
 Metaspace       used 34063K, capacity 35477K, committed 35496K, reserved 1079296K
  class space    used 4522K, capacity 4776K, committed 4776K, reserved 1048576K
}
Event: 7.596 GC heap before
{Heap before GC invocations=9 (full 2):
 PSYoungGen      total 273920K, used 9635K [0x00000000d5d80000, 0x00000000ebf00000, 0x0000000100000000)
  eden space 260096K, 0% used [0x00000000d5d80000,0x00000000d5d80000,0x00000000e5b80000)
  from space 13824K, 69% used [0x00000000e5b80000,0x00000000e64e8d98,0x00000000e6900000)
  to   space 14336K, 0% used [0x00000000eb100000,0x00000000eb100000,0x00000000ebf00000)
 ParOldGen       total 55296K, used 7041K [0x0000000081800000, 0x0000000084e00000, 0x00000000d5d80000)
  object space 55296K, 12% used [0x0000000081800000,0x0000000081ee06b0,0x0000000084e00000)
 Metaspace       used 34063K, capacity 35477K, committed 35496K, reserved 1079296K
  class space    used 4522K, capacity 4776K, committed 4776K, reserved 1048576K
Event: 7.697 GC heap after
Heap after GC invocations=9 (full 2):
 PSYoungGen      total 273920K, used 0K [0x00000000d5d80000, 0x00000000ebf00000, 0x0000000100000000)
  eden space 260096K, 0% used [0x00000000d5d80000,0x00000000d5d80000,0x00000000e5b80000)
  from space 13824K, 0% used [0x00000000e5b80000,0x00000000e5b80000,0x00000000e6900000)
  to   space 14336K, 0% used [0x00000000eb100000,0x00000000eb100000,0x00000000ebf00000)
 ParOldGen       total 83456K, used 13463K [0x0000000081800000, 0x0000000086980000, 0x00000000d5d80000)
  object space 83456K, 16% used [0x0000000081800000,0x0000000082525fc0,0x0000000086980000)
 Metaspace       used 34063K, capacity 35477K, committed 35496K, reserved 1079296K
  class space    used 4522K, capacity 4776K, committed 4776K, reserved 1048576K
}
Event: 14.534 GC heap before
{Heap before GC invocations=10 (full 2):
 PSYoungGen      total 273920K, used 260096K [0x00000000d5d80000, 0x00000000ebf00000, 0x0000000100000000)
  eden space 260096K, 100% used [0x00000000d5d80000,0x00000000e5b80000,0x00000000e5b80000)
  from space 13824K, 0% used [0x00000000e5b80000,0x00000000e5b80000,0x00000000e6900000)
  to   space 14336K, 0% used [0x00000000eb100000,0x00000000eb100000,0x00000000ebf00000)
 ParOldGen       total 83456K, used 13463K [0x0000000081800000, 0x0000000086980000, 0x00000000d5d80000)
  object space 83456K, 16% used [0x0000000081800000,0x0000000082525fc0,0x0000000086980000)
 Metaspace       used 42530K, capacity 44603K, committed 44840K, reserved 1087488K
  class space    used 5509K, capacity 5892K, committed 5928K, reserved 1048576K
Event: 14.579 GC heap after
Heap after GC invocations=10 (full 2):
 PSYoungGen      total 344064K, used 14333K [0x00000000d5d80000, 0x00000000f0000000, 0x0000000100000000)
  eden space 329728K, 0% used [0x00000000d5d80000,0x00000000d5d80000,0x00000000e9f80000)
  from space 14336K, 99% used [0x00000000eb100000,0x00000000ebeff6f8,0x00000000ebf00000)
  to   space 17920K, 0% used [0x00000000e9f80000,0x00000000e9f80000,0x00000000eb100000)
 ParOldGen       total 83456K, used 16905K [0x0000000081800000, 0x0000000086980000, 0x00000000d5d80000)
  object space 83456K, 20% used [0x0000000081800000,0x0000000082882570,0x0000000086980000)
 Metaspace       used 42530K, capacity 44603K, committed 44840K, reserved 1087488K
  class space    used 5509K, capacity 5892K, committed 5928K, reserved 1048576K
}
Event: 18.591 GC heap before
{Heap before GC invocations=11 (full 2):
 PSYoungGen      total 344064K, used 170135K [0x00000000d5d80000, 0x00000000f0000000, 0x0000000100000000)
  eden space 329728K, 47% used [0x00000000d5d80000,0x00000000df5a65c0,0x00000000e9f80000)
  from space 14336K, 99% used [0x00000000eb100000,0x00000000ebeff6f8,0x00000000ebf00000)
  to   space 17920K, 0% used [0x00000000e9f80000,0x00000000e9f80000,0x00000000eb100000)
 ParOldGen       total 83456K, used 16905K [0x0000000081800000, 0x0000000086980000, 0x00000000d5d80000)
  object space 83456K, 20% used [0x0000000081800000,0x0000000082882570,0x0000000086980000)
 Metaspace       used 56569K, capacity 58809K, committed 59160K, reserved 1099776K
  class space    used 7548K, capacity 7975K, committed 7976K, reserved 1048576K
Event: 18.630 GC heap after
Heap after GC invocations=11 (full 2):
 PSYoungGen      total 347648K, used 17901K [0x00000000d5d80000, 0x00000000f0000000, 0x0000000100000000)
  eden space 329728K, 0% used [0x00000000d5d80000,0x00000000d5d80000,0x00000000e9f80000)
  from space 17920K, 99% used [0x00000000e9f80000,0x00000000eb0fb618,0x00000000eb100000)
  to   space 14336K, 0% used [0x00000000eb100000,0x00000000eb100000,0x00000000ebf00000)
 ParOldGen       total 83456K, used 22829K [0x0000000081800000, 0x0000000086980000, 0x00000000d5d80000)
  object space 83456K, 27% used [0x0000000081800000,0x0000000082e4b5f8,0x0000000086980000)
 Metaspace       used 56569K, capacity 58809K, committed 59160K, reserved 1099776K
  class space    used 7548K, capacity 7975K, committed 7976K, reserved 1048576K
}
Event: 18.630 GC heap before
{Heap before GC invocations=12 (full 3):
 PSYoungGen      total 347648K, used 17901K [0x00000000d5d80000, 0x00000000f0000000, 0x0000000100000000)
  eden space 329728K, 0% used [0x00000000d5d80000,0x00000000d5d80000,0x00000000e9f80000)
  from space 17920K, 99% used [0x00000000e9f80000,0x00000000eb0fb618,0x00000000eb100000)
  to   space 14336K, 0% used [0x00000000eb100000,0x00000000eb100000,0x00000000ebf00000)
 ParOldGen       total 83456K, used 22829K [0x0000000081800000, 0x0000000086980000, 0x00000000d5d80000)
  object space 83456K, 27% used [0x0000000081800000,0x0000000082e4b5f8,0x0000000086980000)
 Metaspace       used 56569K, capacity 58809K, committed 59160K, reserved 1099776K
  class space    used 7548K, capacity 7975K, committed 7976K, reserved 1048576K
Event: 19.006 GC heap after
Heap after GC invocations=12 (full 3):
 PSYoungGen      total 347648K, used 0K [0x00000000d5d80000, 0x00000000f0000000, 0x0000000100000000)
  eden space 329728K, 0% used [0x00000000d5d80000,0x00000000d5d80000,0x00000000e9f80000)
  from space 17920K, 0% used [0x00000000e9f80000,0x00000000e9f80000,0x00000000eb100000)
  to   space 14336K, 0% used [0x00000000eb100000,0x00000000eb100000,0x00000000ebf00000)
 ParOldGen       total 83456K, used 34858K [0x0000000081800000, 0x0000000086980000, 0x00000000d5d80000)
  object space 83456K, 41% used [0x0000000081800000,0x0000000083a0aa08,0x0000000086980000)
 Metaspace       used 56569K, capacity 58809K, committed 59160K, reserved 1099776K
  class space    used 7548K, capacity 7975K, committed 7976K, reserved 1048576K
}

