# JRE version: Java(TM) SE Runtime Environment (8.0_231-b11) (build 1.8.0_231-b11)
# Java VM: Java HotSpot(TM) 64-Bit Server VM (25.231-b11 mixed mode windows-amd64 compressed oops)
Heap:
 PSYoungGen      total 108032K, used 56039K [0x00000000d5d80000, 0x00000000dd380000, 0x0000000100000000)
  eden space 95232K, 47% used [0x00000000d5d80000,0x00000000d8a02618,0x00000000dba80000)
  from space 12800K, 81% used [0x00000000dba80000,0x00000000dc4b7928,0x00000000dc700000)
  to   space 11776K, 0% used [0x00000000dc700000,0x00000000dc700000,0x00000000dd280000)
 ParOldGen       total 68608K, used 42794K [0x0000000081800000, 0x0000000085b00000, 0x00000000d5d80000)
  object space 68608K, 62% used [0x0000000081800000,0x00000000841ca9f8,0x0000000085b00000)
 Metaspace       used 29677K, capacity 30584K, committed 30848K, reserved 1077248K
  class space    used 3388K, capacity 3671K, committed 3712K, reserved 1048576K
GC Heap History (10 events):
Event: 46.590 GC heap before
{Heap before GC invocations=10 (full 1):
 PSYoungGen      total 76288K, used 8606K [0x00000000d5d80000, 0x00000000db280000, 0x0000000100000000)
  eden space 65536K, 0% used [0x00000000d5d80000,0x00000000d5d80000,0x00000000d9d80000)
  from space 10752K, 80% used [0x00000000d9d80000,0x00000000da5e7890,0x00000000da800000)
  to   space 10752K, 0% used [0x00000000da800000,0x00000000da800000,0x00000000db280000)
 ParOldGen       total 87552K, used 22107K [0x0000000081800000, 0x0000000086d80000, 0x00000000d5d80000)
  object space 87552K, 25% used [0x0000000081800000,0x0000000082d96dc8,0x0000000086d80000)
 Metaspace       used 20500K, capacity 21140K, committed 21296K, reserved 1069056K
  class space    used 2390K, capacity 2626K, committed 2688K, reserved 1048576K
Event: 46.775 GC heap after
Heap after GC invocations=10 (full 1):
 PSYoungGen      total 76288K, used 0K [0x00000000d5d80000, 0x00000000db280000, 0x0000000100000000)
  eden space 65536K, 0% used [0x00000000d5d80000,0x00000000d5d80000,0x00000000d9d80000)
  from space 10752K, 0% used [0x00000000d9d80000,0x00000000d9d80000,0x00000000da800000)
  to   space 10752K, 0% used [0x00000000da800000,0x00000000da800000,0x00000000db280000)
 ParOldGen       total 68608K, used 23881K [0x0000000081800000, 0x0000000085b00000, 0x00000000d5d80000)
  object space 68608K, 34% used [0x0000000081800000,0x0000000082f52608,0x0000000085b00000)
 Metaspace       used 20500K, capacity 21140K, committed 21296K, reserved 1069056K
  class space    used 2390K, capacity 2626K, committed 2688K, reserved 1048576K
}
Event: 48.535 GC heap before
{Heap before GC invocations=11 (full 1):
 PSYoungGen      total 76288K, used 65536K [0x00000000d5d80000, 0x00000000db280000, 0x0000000100000000)
  eden space 65536K, 100% used [0x00000000d5d80000,0x00000000d9d80000,0x00000000d9d80000)
  from space 10752K, 0% used [0x00000000d9d80000,0x00000000d9d80000,0x00000000da800000)
  to   space 10752K, 0% used [0x00000000da800000,0x00000000da800000,0x00000000db280000)
 ParOldGen       total 68608K, used 23881K [0x0000000081800000, 0x0000000085b00000, 0x00000000d5d80000)
  object space 68608K, 34% used [0x0000000081800000,0x0000000082f52608,0x0000000085b00000)
 Metaspace       used 24530K, capacity 25224K, committed 25472K, reserved 1071104K
  class space    used 2923K, capacity 3178K, committed 3200K, reserved 1048576K
Event: 48.557 GC heap after
Heap after GC invocations=11 (full 1):
 PSYoungGen      total 75264K, used 10743K [0x00000000d5d80000, 0x00000000dd400000, 0x0000000100000000)
  eden space 64512K, 0% used [0x00000000d5d80000,0x00000000d5d80000,0x00000000d9c80000)
  from space 10752K, 99% used [0x00000000da800000,0x00000000db27df08,0x00000000db280000)
  to   space 11776K, 0% used [0x00000000d9c80000,0x00000000d9c80000,0x00000000da800000)
 ParOldGen       total 68608K, used 25382K [0x0000000081800000, 0x0000000085b00000, 0x00000000d5d80000)
  object space 68608K, 36% used [0x0000000081800000,0x00000000830c9bd0,0x0000000085b00000)
 Metaspace       used 24530K, capacity 25224K, committed 25472K, reserved 1071104K
  class space    used 2923K, capacity 3178K, committed 3200K, reserved 1048576K
}
Event: 50.607 GC heap before
{Heap before GC invocations=12 (full 1):
 PSYoungGen      total 75264K, used 75255K [0x00000000d5d80000, 0x00000000dd400000, 0x0000000100000000)
  eden space 64512K, 100% used [0x00000000d5d80000,0x00000000d9c80000,0x00000000d9c80000)
  from space 10752K, 99% used [0x00000000da800000,0x00000000db27df08,0x00000000db280000)
  to   space 11776K, 0% used [0x00000000d9c80000,0x00000000d9c80000,0x00000000da800000)
 ParOldGen       total 68608K, used 25382K [0x0000000081800000, 0x0000000085b00000, 0x00000000d5d80000)
  object space 68608K, 36% used [0x0000000081800000,0x00000000830c9bd0,0x0000000085b00000)
 Metaspace       used 26007K, capacity 26892K, committed 27008K, reserved 1073152K
  class space    used 3063K, capacity 3350K, committed 3456K, reserved 1048576K
Event: 50.636 GC heap after
Heap after GC invocations=12 (full 1):
 PSYoungGen      total 76288K, used 6620K [0x00000000d5d80000, 0x00000000dd280000, 0x0000000100000000)
  eden space 64512K, 0% used [0x00000000d5d80000,0x00000000d5d80000,0x00000000d9c80000)
  from space 11776K, 56% used [0x00000000d9c80000,0x00000000da2f7358,0x00000000da800000)
  to   space 11776K, 0% used [0x00000000dc700000,0x00000000dc700000,0x00000000dd280000)
 ParOldGen       total 68608K, used 36033K [0x0000000081800000, 0x0000000085b00000, 0x00000000d5d80000)
  object space 68608K, 52% used [0x0000000081800000,0x0000000083b30538,0x0000000085b00000)
 Metaspace       used 26007K, capacity 26892K, committed 27008K, reserved 1073152K
  class space    used 3063K, capacity 3350K, committed 3456K, reserved 1048576K
}
Event: 51.953 GC heap before
{Heap before GC invocations=13 (full 1):
 PSYoungGen      total 76288K, used 71132K [0x00000000d5d80000, 0x00000000dd280000, 0x0000000100000000)
  eden space 64512K, 100% used [0x00000000d5d80000,0x00000000d9c80000,0x00000000d9c80000)
  from space 11776K, 56% used [0x00000000d9c80000,0x00000000da2f7358,0x00000000da800000)
  to   space 11776K, 0% used [0x00000000dc700000,0x00000000dc700000,0x00000000dd280000)
 ParOldGen       total 68608K, used 36033K [0x0000000081800000, 0x0000000085b00000, 0x00000000d5d80000)
  object space 68608K, 52% used [0x0000000081800000,0x0000000083b30538,0x0000000085b00000)
 Metaspace       used 26934K, capacity 27822K, committed 28032K, reserved 1073152K
  class space    used 3169K, capacity 3441K, committed 3456K, reserved 1048576K
Event: 51.968 GC heap after
Heap after GC invocations=13 (full 1):
 PSYoungGen      total 107008K, used 2158K [0x00000000d5d80000, 0x00000000dd380000, 0x0000000100000000)
  eden space 95232K, 0% used [0x00000000d5d80000,0x00000000d5d80000,0x00000000dba80000)
  from space 11776K, 18% used [0x00000000dc700000,0x00000000dc91bbd8,0x00000000dd280000)
  to   space 12800K, 0% used [0x00000000dba80000,0x00000000dba80000,0x00000000dc700000)
 ParOldGen       total 68608K, used 41906K [0x0000000081800000, 0x0000000085b00000, 0x00000000d5d80000)
  object space 68608K, 61% used [0x0000000081800000,0x00000000840ec9e8,0x0000000085b00000)
 Metaspace       used 26934K, capacity 27822K, committed 28032K, reserved 1073152K
  class space    used 3169K, capacity 3441K, committed 3456K, reserved 1048576K
}
Event: 54.830 GC heap before
{Heap before GC invocations=14 (full 1):
 PSYoungGen      total 107008K, used 97390K [0x00000000d5d80000, 0x00000000dd380000, 0x0000000100000000)
  eden space 95232K, 100% used [0x00000000d5d80000,0x00000000dba80000,0x00000000dba80000)
  from space 11776K, 18% used [0x00000000dc700000,0x00000000dc91bbd8,0x00000000dd280000)
  to   space 12800K, 0% used [0x00000000dba80000,0x00000000dba80000,0x00000000dc700000)
 ParOldGen       total 68608K, used 41906K [0x0000000081800000, 0x0000000085b00000, 0x00000000d5d80000)
  object space 68608K, 61% used [0x0000000081800000,0x00000000840ec9e8,0x0000000085b00000)
 Metaspace       used 28013K, capacity 28922K, committed 29184K, reserved 1075200K
  class space    used 3286K, capacity 3571K, committed 3584K, reserved 1048576K
Event: 54.846 GC heap after
Heap after GC invocations=14 (full 1):
 PSYoungGen      total 108032K, used 10462K [0x00000000d5d80000, 0x00000000dd380000, 0x0000000100000000)
  eden space 95232K, 0% used [0x00000000d5d80000,0x00000000d5d80000,0x00000000dba80000)
  from space 12800K, 81% used [0x00000000dba80000,0x00000000dc4b7928,0x00000000dc700000)
  to   space 11776K, 0% used [0x00000000dc700000,0x00000000dc700000,0x00000000dd280000)
 ParOldGen       total 68608K, used 42794K [0x0000000081800000, 0x0000000085b00000, 0x00000000d5d80000)
  object space 68608K, 62% used [0x0000000081800000,0x00000000841ca9f8,0x0000000085b00000)
 Metaspace       used 28013K, capacity 28922K, committed 29184K, reserved 1075200K
  class space    used 3286K, capacity 3571K, committed 3584K, reserved 1048576K
}

